<?xml version="1.0" encoding="UTF-8"?>
<testng-results skipped="0" failed="0" ignored="0" total="2" passed="2">
  <reporter-output>
  </reporter-output>
  <suite name="Suite" duration-ms="70" started-at="2020-10-24T19:08:36 IST" finished-at="2020-10-24T19:08:36 IST">
    <groups>
    </groups>
    <test name="Test" duration-ms="70" started-at="2020-10-24T19:08:36 IST" finished-at="2020-10-24T19:08:36 IST">
      <class name="jenkins.OneTest">
        <test-method status="PASS" signature="beforeMethod()[pri:0, instance:jenkins.OneTest@50b494a6]" name="beforeMethod" is-config="true" duration-ms="7" started-at="2020-10-24T19:08:36 IST" finished-at="2020-10-24T19:08:36 IST">
          <reporter-output>
          </reporter-output>
        </test-method> <!-- beforeMethod -->
        <test-method status="PASS" signature="testMethodsOne()[pri:0, instance:jenkins.OneTest@50b494a6]" name="testMethodsOne" duration-ms="7" started-at="2020-10-24T19:08:36 IST" finished-at="2020-10-24T19:08:36 IST">
          <reporter-output>
          </reporter-output>
        </test-method> <!-- testMethodsOne -->
        <test-method status="PASS" signature="afterMethod()[pri:0, instance:jenkins.OneTest@50b494a6]" name="afterMethod" is-config="true" duration-ms="0" started-at="2020-10-24T19:08:36 IST" finished-at="2020-10-24T19:08:36 IST">
          <reporter-output>
          </reporter-output>
        </test-method> <!-- afterMethod -->
        <test-method status="PASS" signature="beforeMethod()[pri:0, instance:jenkins.OneTest@50b494a6]" name="beforeMethod" is-config="true" duration-ms="0" started-at="2020-10-24T19:08:36 IST" finished-at="2020-10-24T19:08:36 IST">
          <reporter-output>
          </reporter-output>
        </test-method> <!-- beforeMethod -->
        <test-method status="PASS" signature="testMethodsTwo()[pri:0, instance:jenkins.OneTest@50b494a6]" name="testMethodsTwo" duration-ms="1" started-at="2020-10-24T19:08:36 IST" finished-at="2020-10-24T19:08:36 IST">
          <reporter-output>
          </reporter-output>
        </test-method> <!-- testMethodsTwo -->
        <test-method status="PASS" signature="afterMethod()[pri:0, instance:jenkins.OneTest@50b494a6]" name="afterMethod" is-config="true" duration-ms="1" started-at="2020-10-24T19:08:36 IST" finished-at="2020-10-24T19:08:36 IST">
          <reporter-output>
          </reporter-output>
        </test-method> <!-- afterMethod -->
      </class> <!-- jenkins.OneTest -->
    </test> <!-- Test -->
  </suite> <!-- Suite -->
</testng-results>
